生成启动时间为 2017/10/27 14:49:52。
     1>项目“D:\software\opencv pz\TLD+Kalman\TLD+Kalman\TLD+Kalman.vcxproj”在节点 2 上(Build 个目标)。
     1>ClCompile:
         D:\software\vs\VC\bin\x86_amd64\CL.exe /c /ID:\software\opencv2.4.11\opencv\build\include /Zi /nologo /W3 /WX- /sdl /Od /D WIN32 /D _DEBUG /D _CONSOLE /D _LIB /D _UNICODE /D UNICODE /Gm /EHsc /RTC1 /MDd /GS /fp:precise /Zc:wchar_t /Zc:forScope /Fo"x64\Debug\\" /Fd"x64\Debug\vc120.pdb" /Gd /TP /errorReport:prompt TLD.cpp run_tld.cpp
         run_tld.cpp
         TLD.cpp
     1>TLD.cpp(53): warning C4244: “=”: 从“int”转换到“float”，可能丢失数据
     1>TLD.cpp(190): warning C4244: “=”: 从“double”转换到“float”，可能丢失数据
     1>TLD.cpp(200): warning C4244: “初始化”: 从“float”转换到“int”，可能丢失数据
     1>TLD.cpp(206): warning C4244: “=”: 从“float”转换到“int”，可能丢失数据
     1>TLD.cpp(213): warning C4267: “参数”: 从“size_t”转换到“int”，可能丢失数据
     1>TLD.cpp(381): warning C4244: “参数”: 从“float”转换到“unsigned __int64”，可能丢失数据
     1>TLD.cpp(625): warning C4244: “初始化”: 从“double”转换到“int”，可能丢失数据
     1>TLD.cpp(626): warning C4244: “初始化”: 从“double”转换到“int”，可能丢失数据
     1>TLD.cpp(631): warning C4244: “参数”: 从“int”转换到“float”，可能丢失数据
     1>TLD.cpp(665): warning C4244: “参数”: 从“double”转换到“float”，可能丢失数据
     1>TLD.cpp(673): warning C4244: “初始化”: 从“double”转换到“float”，可能丢失数据
     1>TLD.cpp(674): warning C4244: “初始化”: 从“double”转换到“float”，可能丢失数据
     1>TLD.cpp(680): warning C4244: “=”: 从“float”转换到“int”，可能丢失数据
     1>TLD.cpp(681): warning C4244: “=”: 从“float”转换到“int”，可能丢失数据
     1>TLD.cpp(682): warning C4244: “=”: 从“float”转换到“int”，可能丢失数据
     1>TLD.cpp(683): warning C4244: “=”: 从“float”转换到“int”，可能丢失数据
     1>TLD.cpp(756): warning C4244: “参数”: 从“float”转换到“int”，可能丢失数据
     1>TLD.cpp(832): warning C4267: “初始化”: 从“size_t”转换到“int”，可能丢失数据
     1>TLD.cpp(923): warning C4267: “初始化”: 从“size_t”转换到“int”，可能丢失数据
     1>TLD.cpp(1091): warning C4305: “初始化”: 从“double”到“const float”截断
     1>TLD.cpp(1095): warning C4305: “初始化”: 从“double”到“const float”截断
     1>TLD.cpp(1103): warning C4244: “=”: 从“float”转换到“int”，可能丢失数据
     1>TLD.cpp(1104): warning C4244: “=”: 从“float”转换到“int”，可能丢失数据
     1>TLD.cpp(1115): warning C4244: “+=”: 从“float”转换到“int”，可能丢失数据
     1>TLD.cpp(1117): warning C4244: “+=”: 从“float”转换到“int”，可能丢失数据
     1>TLD.cpp(1148): warning C4244: “初始化”: 从“const int”转换到“float”，可能丢失数据
     1>TLD.cpp(1149): warning C4244: “初始化”: 从“const int”转换到“float”，可能丢失数据
     1>TLD.cpp(1152): warning C4244: “初始化”: 从“const int”转换到“float”，可能丢失数据
     1>TLD.cpp(1153): warning C4244: “初始化”: 从“const int”转换到“float”，可能丢失数据
     1>TLD.cpp(1260): warning C4267: “初始化”: 从“size_t”转换到“const int”，可能丢失数据
     1>TLD.cpp(1350): warning C4267: “初始化”: 从“size_t”转换到“int”，可能丢失数据
         正在生成代码...
       Link:
         D:\software\vs\VC\bin\x86_amd64\link.exe /ERRORREPORT:PROMPT /OUT:"D:\software\opencv pz\TLD+Kalman\x64\Debug\TLD+Kalman.exe" /INCREMENTAL /NOLOGO /LIBPATH:D:\software\opencv2.4.11\opencv\build\x64\vc12\lib opencv_calib3d2411d.lib opencv_contrib2411d.lib opencv_core2411d.lib opencv_features2d2411d.lib opencv_flann2411d.lib opencv_gpu2411d.lib opencv_highgui2411d.lib opencv_imgproc2411d.lib opencv_legacy2411d.lib opencv_ml2411d.lib opencv_nonfree2411d.lib opencv_objdetect2411d.lib opencv_ocl2411d.lib opencv_photo2411d.lib opencv_stitching2411d.lib opencv_superres2411d.lib opencv_ts2411d.lib opencv_video2411d.lib opencv_videostab2411d.lib kernel32.lib user32.lib gdi32.lib winspool.lib comdlg32.lib advapi32.lib shell32.lib ole32.lib oleaut32.lib uuid.lib odbc32.lib odbccp32.lib /MANIFEST /MANIFESTUAC:"level='asInvoker' uiAccess='false'" /manifest:embed /DEBUG /PDB:"D:\software\opencv pz\TLD+Kalman\x64\Debug\TLD+Kalman.pdb" /SUBSYSTEM:CONSOLE /TLBID:1 /DYNAMICBASE /NXCOMPAT /IMPLIB:"D:\software\opencv pz\TLD+Kalman\x64\Debug\TLD+Kalman.lib" /MACHINE:X64 x64\Debug\FerNNClassifier.obj
         x64\Debug\LKTracker.obj
         x64\Debug\run_tld.obj
         x64\Debug\TLD.obj
         x64\Debug\tld_utils.obj
         TLD+Kalman.vcxproj -> D:\software\opencv pz\TLD+Kalman\x64\Debug\TLD+Kalman.exe
     1>已完成生成项目“D:\software\opencv pz\TLD+Kalman\TLD+Kalman\TLD+Kalman.vcxproj”(Build 个目标)的操作。

生成成功。

已用时间 00:00:03.55
